<?xml version="1.0" encoding="UTF-8"?>
<testng-results ignored="1" total="9" passed="7" failed="1" skipped="0">
  <reporter-output>
  </reporter-output>
  <suite started-at="2023-05-08T10:32:40 IST" name="Default Suite" finished-at="2023-05-08T10:32:41 IST" duration-ms="476">
    <groups>
    </groups>
    <test started-at="2023-05-08T10:32:40 IST" name="TestNGProject" finished-at="2023-05-08T10:32:41 IST" duration-ms="476">
      <class name="com.automation.testcases.DataDrivenTest">
        <test-method signature="verifyLoginUnsuccessfulWithInvalidCredentials(java.lang.String,java.lang.String)[pri:0, instance:com.automation.testcases.DataDrivenTest@2a266d09]" started-at="2023-05-08T10:32:41 IST" name="verifyLoginUnsuccessfulWithInvalidCredentials" data-provider="invalidData" finished-at="2023-05-08T10:32:41 IST" duration-ms="57" status="FAIL">
          <params>
            <param index="0">
              <value>
                <![CDATA[admin]]>
              </value>
            </param>
            <param index="1">
              <value>
                <![CDATA[admin@123]]>
              </value>
            </param>
          </params>
          <exception class="java.lang.AssertionError">
            <message>
              <![CDATA[expected [false] but found [true]]]>
            </message>
            <full-stacktrace>
              <![CDATA[java.lang.AssertionError: expected [false] but found [true]
at org.testng.Assert.fail(Assert.java:110)
at org.testng.Assert.failNotEquals(Assert.java:1577)
at org.testng.Assert.assertEqualsImpl(Assert.java:149)
at org.testng.Assert.assertEquals(Assert.java:131)
at org.testng.Assert.assertEquals(Assert.java:1066)
at org.testng.Assert.assertEquals(Assert.java:1030)
at org.testng.Assert.assertEquals(Assert.java:1076)
at com.automation.testcases.DataDrivenTest.verifyLoginUnsuccessfulWithInvalidCredentials(DataDrivenTest.java:18)
at java.base/jdk.internal.reflect.NativeMethodAccessorImpl.invoke0(Native Method)
at java.base/jdk.internal.reflect.NativeMethodAccessorImpl.invoke(NativeMethodAccessorImpl.java:62)
at java.base/jdk.internal.reflect.DelegatingMethodAccessorImpl.invoke(DelegatingMethodAccessorImpl.java:43)
at java.base/java.lang.reflect.Method.invoke(Method.java:566)
at org.testng.internal.invokers.MethodInvocationHelper.invokeMethod(MethodInvocationHelper.java:139)
at org.testng.internal.invokers.TestInvoker.invokeMethod(TestInvoker.java:677)
at org.testng.internal.invokers.TestInvoker.invokeTestMethod(TestInvoker.java:221)
at org.testng.internal.invokers.MethodRunner.runInSequence(MethodRunner.java:50)
at org.testng.internal.invokers.TestInvoker$MethodInvocationAgent.invoke(TestInvoker.java:969)
at org.testng.internal.invokers.TestInvoker.invokeTestMethods(TestInvoker.java:194)
at org.testng.internal.invokers.TestMethodWorker.invokeTestMethods(TestMethodWorker.java:148)
at org.testng.internal.invokers.TestMethodWorker.run(TestMethodWorker.java:128)
at java.base/java.util.ArrayList.forEach(ArrayList.java:1541)
at org.testng.TestRunner.privateRun(TestRunner.java:829)
at org.testng.TestRunner.run(TestRunner.java:602)
at org.testng.SuiteRunner.runTest(SuiteRunner.java:437)
at org.testng.SuiteRunner.runSequentially(SuiteRunner.java:431)
at org.testng.SuiteRunner.privateRun(SuiteRunner.java:391)
at org.testng.SuiteRunner.run(SuiteRunner.java:330)
at org.testng.SuiteRunnerWorker.runSuite(SuiteRunnerWorker.java:52)
at org.testng.SuiteRunnerWorker.run(SuiteRunnerWorker.java:95)
at org.testng.TestNG.runSuitesSequentially(TestNG.java:1256)
at org.testng.TestNG.runSuitesLocally(TestNG.java:1176)
at org.testng.TestNG.runSuites(TestNG.java:1099)
at org.testng.TestNG.run(TestNG.java:1067)
at com.intellij.rt.testng.IDEARemoteTestNG.run(IDEARemoteTestNG.java:66)
at com.intellij.rt.testng.RemoteTestNGStarter.main(RemoteTestNGStarter.java:109)
]]>
            </full-stacktrace>
          </exception> <!-- java.lang.AssertionError -->
          <reporter-output>
          </reporter-output>
        </test-method> <!-- verifyLoginUnsuccessfulWithInvalidCredentials -->
        <test-method signature="verifyLoginUnsuccessfulWithInvalidCredentials(java.lang.String,java.lang.String)[pri:0, instance:com.automation.testcases.DataDrivenTest@2a266d09]" started-at="2023-05-08T10:32:41 IST" name="verifyLoginUnsuccessfulWithInvalidCredentials" data-provider="invalidData" finished-at="2023-05-08T10:32:41 IST" duration-ms="58" status="PASS">
          <params>
            <param index="0">
              <value>
                <![CDATA[admin]]>
              </value>
            </param>
            <param index="1">
              <value>
                <![CDATA[admin123]]>
              </value>
            </param>
          </params>
          <reporter-output>
          </reporter-output>
        </test-method> <!-- verifyLoginUnsuccessfulWithInvalidCredentials -->
        <test-method signature="verifyLoginUnsuccessfulWithInvalidCredentials(java.lang.String,java.lang.String)[pri:0, instance:com.automation.testcases.DataDrivenTest@2a266d09]" started-at="2023-05-08T10:32:41 IST" name="verifyLoginUnsuccessfulWithInvalidCredentials" data-provider="invalidData" finished-at="2023-05-08T10:32:41 IST" duration-ms="1" status="PASS">
          <params>
            <param index="0">
              <value>
                <![CDATA[admin123]]>
              </value>
            </param>
            <param index="1">
              <value>
                <![CDATA[admin123]]>
              </value>
            </param>
          </params>
          <reporter-output>
          </reporter-output>
        </test-method> <!-- verifyLoginUnsuccessfulWithInvalidCredentials -->
        <test-method signature="verifyLoginUnsuccessfulWithInvalidCredentials(java.lang.String,java.lang.String)[pri:0, instance:com.automation.testcases.DataDrivenTest@2a266d09]" started-at="2023-05-08T10:32:41 IST" name="verifyLoginUnsuccessfulWithInvalidCredentials" data-provider="invalidData" finished-at="2023-05-08T10:32:41 IST" duration-ms="0" status="PASS">
          <params>
            <param index="0">
              <value>
                <![CDATA[chirag]]>
              </value>
            </param>
            <param index="1">
              <value>
                <![CDATA[admin123]]>
              </value>
            </param>
          </params>
          <reporter-output>
          </reporter-output>
        </test-method> <!-- verifyLoginUnsuccessfulWithInvalidCredentials -->
        <test-method signature="verifyLoginUnsuccessfulWithInvalidCredentials(java.lang.String,java.lang.String)[pri:0, instance:com.automation.testcases.DataDrivenTest@2a266d09]" started-at="2023-05-08T10:32:41 IST" name="verifyLoginUnsuccessfulWithInvalidCredentials" data-provider="invalidData" finished-at="2023-05-08T10:32:41 IST" duration-ms="0" status="PASS">
          <params>
            <param index="0">
              <value>
                <![CDATA[admin]]>
              </value>
            </param>
            <param index="1">
              <value>
                <![CDATA[@123]]>
              </value>
            </param>
          </params>
          <reporter-output>
          </reporter-output>
        </test-method> <!-- verifyLoginUnsuccessfulWithInvalidCredentials -->
        <test-method signature="verifyLoginUnsuccessfulWithInvalidCredentials(java.lang.String,java.lang.String)[pri:0, instance:com.automation.testcases.DataDrivenTest@2a266d09]" started-at="2023-05-08T10:32:41 IST" name="verifyLoginUnsuccessfulWithInvalidCredentials" data-provider="invalidData" finished-at="2023-05-08T10:32:41 IST" duration-ms="7" status="PASS">
          <params>
            <param index="0">
              <value>
                <![CDATA[devx]]>
              </value>
            </param>
            <param index="1">
              <value>
                <![CDATA[devx@123]]>
              </value>
            </param>
          </params>
          <reporter-output>
          </reporter-output>
        </test-method> <!-- verifyLoginUnsuccessfulWithInvalidCredentials -->
        <test-method signature="verifyLoginUnsuccessfulWithInvalidCredentials(java.lang.String,java.lang.String)[pri:0, instance:com.automation.testcases.DataDrivenTest@2a266d09]" started-at="2023-05-08T10:32:41 IST" name="verifyLoginUnsuccessfulWithInvalidCredentials" data-provider="invalidData" finished-at="2023-05-08T10:32:41 IST" duration-ms="1" status="PASS">
          <params>
            <param index="0">
              <value>
                <![CDATA[]]>
              </value>
            </param>
            <param index="1">
              <value>
                <![CDATA[]]>
              </value>
            </param>
          </params>
          <reporter-output>
          </reporter-output>
        </test-method> <!-- verifyLoginUnsuccessfulWithInvalidCredentials -->
        <test-method signature="verifyLoginUnsuccessfulWithInvalidCredentials(java.lang.String,java.lang.String)[pri:0, instance:com.automation.testcases.DataDrivenTest@2a266d09]" started-at="2023-05-08T10:32:41 IST" name="verifyLoginUnsuccessfulWithInvalidCredentials" data-provider="invalidData" finished-at="2023-05-08T10:32:41 IST" duration-ms="18" status="PASS">
          <params>
            <param index="0">
              <value>
                <![CDATA[]]>
              </value>
            </param>
            <param index="1">
              <value>
                <![CDATA[admin123]]>
              </value>
            </param>
          </params>
          <reporter-output>
          </reporter-output>
        </test-method> <!-- verifyLoginUnsuccessfulWithInvalidCredentials -->
      </class> <!-- com.automation.testcases.DataDrivenTest -->
    </test> <!-- TestNGProject -->
  </suite> <!-- Default Suite -->
</testng-results>
